sysbench 1.0.18 (using bundled LuaJIT 2.1.0-beta2)

Running the test with following options:
Number of threads: 8
Initializing random number generator from current time


Initializing worker threads...

Threads started!

SQL statistics:
    queries performed:
        read:                            31736
        write:                           0
        other:                           0
        total:                           31736
    transactions:                        31736  (3171.10 per sec.)
    queries:                             31736  (3171.10 per sec.)
    ignored errors:                      0      (0.00 per sec.)
    reconnects:                          0      (0.00 per sec.)

General statistics:
    total time:                          10.0057s
    total number of events:              31736

Latency (ms):
         min:                                    0.95
         avg:                                    2.52
         max:                                   26.29
         95th percentile:                        4.82
         sum:                                79819.31

Threads fairness:
    events (avg/stddev):           3967.0000/25.20
    execution time (avg/stddev):   9.9774/0.00

