sysbench 1.0.18 (using bundled LuaJIT 2.1.0-beta2)

Running the test with following options:
Number of threads: 8
Initializing random number generator from current time


Initializing worker threads...

Threads started!

SQL statistics:
    queries performed:
        read:                            32222
        write:                           0
        other:                           0
        total:                           32222
    transactions:                        32222  (3219.82 per sec.)
    queries:                             32222  (3219.82 per sec.)
    ignored errors:                      0      (0.00 per sec.)
    reconnects:                          0      (0.00 per sec.)

General statistics:
    total time:                          10.0053s
    total number of events:              32222

Latency (ms):
         min:                                    0.91
         avg:                                    2.48
         max:                                   39.03
         95th percentile:                        4.57
         sum:                                79822.60

Threads fairness:
    events (avg/stddev):           4027.7500/20.91
    execution time (avg/stddev):   9.9778/0.00

