sysbench 1.0.18 (using bundled LuaJIT 2.1.0-beta2)

Running the test with following options:
Number of threads: 8
Initializing random number generator from current time


Initializing worker threads...

Threads started!

SQL statistics:
    queries performed:
        read:                            31968
        write:                           0
        other:                           0
        total:                           31968
    transactions:                        31968  (3194.89 per sec.)
    queries:                             31968  (3194.89 per sec.)
    ignored errors:                      0      (0.00 per sec.)
    reconnects:                          0      (0.00 per sec.)

General statistics:
    total time:                          10.0039s
    total number of events:              31968

Latency (ms):
         min:                                    0.88
         avg:                                    2.50
         max:                                   30.44
         95th percentile:                        4.82
         sum:                                79821.47

Threads fairness:
    events (avg/stddev):           3996.0000/24.38
    execution time (avg/stddev):   9.9777/0.00

